<?xml version="1.0" encoding="UTF-8"?>
<!-- Generated by org.testng.reporters.JUnitReportReporter -->
<testsuite hostname="BAN-RAOPW10" name="com.test.LoginTest" tests="2" failures="0" timestamp="15 May 2018 14:26:09 GMT" time="23.724" errors="0">
  <testcase name="freeCRMTitleTest" time="10.251" classname="com.test.LoginTest"/>
  <testcase name="freeCRMLogoTest" time="13.473" classname="com.test.LoginTest"/>
</testsuite> <!-- com.test.LoginTest -->
