<?xml version="1.0" encoding="UTF-8"?>
<!-- Generated by org.testng.reporters.JUnitReportReporter -->
<testsuite hostname="BAN-RAOPW10" name="com.test.LoginTest" tests="2" failures="0" timestamp="15 May 2018 13:59:23 GMT" time="85.411" errors="0">
  <testcase name="freeCRMLogoTest" time="48.785" classname="com.test.LoginTest"/>
  <testcase name="freeCRMTitleTest" time="36.626" classname="com.test.LoginTest"/>
</testsuite> <!-- com.test.LoginTest -->
